<?xml version="1.0" encoding="UTF-8"?>
<testng-results ignored="0" total="1" passed="1" failed="0" skipped="0">
  <reporter-output>
  </reporter-output>
  <suite started-at="2024-04-29T02:06:26 IST" name="Default suite" finished-at="2024-04-29T02:06:31 IST" duration-ms="4913">
    <groups>
    </groups>
    <test started-at="2024-04-29T02:06:26 IST" name="Default test" finished-at="2024-04-29T02:06:31 IST" duration-ms="4913">
      <class name="api.tests.AddNewObjectTest">
        <test-method signature="addNewObject()[pri:0, instance:api.tests.AddNewObjectTest@6a370f4]" started-at="2024-04-29T02:06:26 IST" name="addNewObject" finished-at="2024-04-29T02:06:31 IST" duration-ms="4876" status="PASS">
          <reporter-output>
          </reporter-output>
        </test-method> <!-- addNewObject -->
      </class> <!-- api.tests.AddNewObjectTest -->
    </test> <!-- Default test -->
  </suite> <!-- Default suite -->
</testng-results>
